<?xml version="1.0" encoding="UTF-8"?>
<!-- Generated by org.testng.reporters.JUnitXMLReporter -->
<testsuite ignored="0" hostname="DESKTOP-18JCENA" failures="0" tests="14" name="Surefire test" time="126.736" errors="0" timestamp="2025-08-28T16:27:47 EDT">
  <testcase classname="nn.dsalgo.tests.TreeTest" name="treePageLanding" time="4.95"/>
  <testcase classname="nn.dsalgo.tests.TreeTest" name="generateOutputForInputInTree" time="11.211"/>
  <testcase classname="nn.dsalgo.tests.TreeTest" name="generateOutputForInputInTree" time="5.334"/>
  <testcase classname="nn.dsalgo.tests.TreeTest" name="generateOutputForInputInTree" time="6.057"/>
  <testcase classname="nn.dsalgo.tests.TreeTest" name="generateOutputForInputInTree" time="10.21"/>
  <testcase classname="nn.dsalgo.tests.TreeTest" name="generateOutputForInputInTree" time="10.683"/>
  <testcase classname="nn.dsalgo.tests.TreeTest" name="generateOutputForInputInTree" time="5.219"/>
  <testcase classname="nn.dsalgo.tests.TreeTest" name="generateOutputForInputInTree" time="5.478"/>
  <testcase classname="nn.dsalgo.tests.TreeTest" name="generateOutputForInputInTree" time="10.789"/>
  <testcase classname="nn.dsalgo.tests.TreeTest" name="generateOutputForInputInTree" time="10.452"/>
  <testcase classname="nn.dsalgo.tests.TreeTest" name="generateOutputForInputInTree" time="5.121"/>
  <testcase classname="nn.dsalgo.tests.TreeTest" name="generateOutputForInputInTree" time="5.115"/>
  <testcase classname="nn.dsalgo.tests.TreeTest" name="generateOutputForInputInTree" time="11.963"/>
  <testcase classname="nn.dsalgo.tests.TreeTest" name="generateOutputForInputInTree" time="10.924"/>
</testsuite> <!-- Surefire test -->
