<?xml version="1.0" encoding="UTF-8"?>
<!-- Generated by org.testng.reporters.JUnitXMLReporter -->
<testsuite ignored="0" hostname="DESKTOP-18JCENA" failures="0" tests="3" name="Surefire test" time="17.195" errors="0" timestamp="2025-08-27T18:39:08 EDT">
  <testcase classname="nn.dsalgo.tests.DatastructureTest" name="dsPageLanding" time="5.068"/>
  <testcase classname="nn.dsalgo.tests.DatastructureTest" name="navigateToTopicsInDS" time="4.091"/>
  <testcase classname="nn.dsalgo.tests.DatastructureTest" name="navigateToTryEditorInDS" time="5.496"/>
</testsuite> <!-- Surefire test -->
