<?xml version="1.0" encoding="UTF-8"?>
<!-- Generated by org.testng.reporters.JUnitXMLReporter -->
<testsuite ignored="0" hostname="IKnIK" failures="0" tests="6" name="Default test" time="16.166" errors="0" timestamp="2025-09-03T12:58:07 EDT">
  <testcase classname="nn.dsalgo.tests.LoginTest" name="loginlandingpage" time="1.229"/>
  <testcase classname="nn.dsalgo.tests.LoginTest" name="MissingUsername" time="1.941"/>
  <testcase classname="nn.dsalgo.tests.LoginTest" name="MissingPassword" time="1.293"/>
  <testcase classname="nn.dsalgo.tests.LoginTest" name="InvalidUsername" time="1.367"/>
  <testcase classname="nn.dsalgo.tests.LoginTest" name="Invalidpassword" time="1.466"/>
  <testcase classname="nn.dsalgo.tests.LoginTest" name="successfullogin" time="1.622"/>
</testsuite> <!-- Default test -->
