<?xml version="1.0" encoding="UTF-8"?>
<!-- Generated by org.testng.reporters.JUnitXMLReporter -->
<testsuite ignored="1" hostname="PRASANNA" failures="0" tests="10" name="Default test" time="47.6" errors="0" timestamp="2025-08-28T18:44:51 EDT">
  <testcase classname="nn.dsalgo.tests.StackTest" name="getStackpage" time="2.844"/>
  <testcase classname="nn.dsalgo.tests.StackTest" name="NavigatetoStackTopics" time="2.67"/>
  <testcase classname="nn.dsalgo.tests.StackTest" name="NavigatetoStackTopics" time="2.587"/>
  <testcase classname="nn.dsalgo.tests.StackTest" name="NavigatetoStackTopics" time="2.891"/>
  <testcase classname="nn.dsalgo.tests.StackTest" name="NavigatetoTryEditor" time="4.094"/>
  <testcase classname="nn.dsalgo.tests.StackTest" name="NavigatetoTryEditor" time="4.182"/>
  <testcase classname="nn.dsalgo.tests.StackTest" name="NavigatetoTryEditor" time="3.903"/>
  <testcase classname="nn.dsalgo.tests.StackTest" name="getValidPythonCode" time="4.351"/>
  <testcase classname="nn.dsalgo.tests.StackTest" name="getValidPythonCode" time="4.333"/>
  <testcase classname="nn.dsalgo.tests.StackTest" name="getValidPythonCode" time="4.164"/>
  <testcase classname="nn.dsalgo.tests.StackTest" name="getInValidPythonCode" time="0.0">
    <ignored/>
  </testcase> <!-- getInValidPythonCode -->
</testsuite> <!-- Default test -->
