<?xml version="1.0" encoding="UTF-8"?>
<!-- Generated by org.testng.reporters.JUnitXMLReporter -->
<testsuite ignored="2" hostname="IKnIK" failures="0" tests="4" name="Test" time="11.842" errors="0" timestamp="2025-09-01T14:13:55 EDT">
  <testcase classname="nn.dsalgo.tests.LoginTest" name="Missinglogin" time="2.795"/>
  <testcase classname="nn.dsalgo.tests.LoginTest" name="Missinglogin" time="1.186"/>
  <testcase classname="nn.dsalgo.tests.LoginTest" name="InvalidLogin" time="1.637"/>
  <testcase classname="nn.dsalgo.tests.LoginTest" name="InvalidLogin" time="1.503"/>
  <testcase classname="nn.dsalgo.tests.LoginTest" name="successfullogin" time="0.0">
    <ignored/>
  </testcase> <!-- successfullogin -->
  <testcase classname="nn.dsalgo.tests.LoginTest" name="loginlandingpage" time="0.0">
    <ignored/>
  </testcase> <!-- loginlandingpage -->
</testsuite> <!-- Test -->
