<?xml version="1.0" encoding="UTF-8"?>
<testsuite xmlns:xsi="http://www.w3.org/2001/XMLSchema-instance" xsi:noNamespaceSchemaLocation="https://maven.apache.org/surefire/maven-surefire-plugin/xsd/surefire-test-report.xsd" version="3.0.1" name="nn.dsalgo.tests.DatastructureTest" time="17.991" tests="3" errors="0" skipped="0" failures="0">
  <properties>
[...]
</properties>
  <testcase name="dsPageLanding" classname="nn.dsalgo.tests.DatastructureTest" time="5.072">
    <system-out><![CDATA[18:38:51 [main] INFO  nn.dsalgo.tests.DatastructureTest - Running tests on: chrome | Thread ID: 1
18:38:52 [main] INFO  nn.dsalgo.tests.DatastructureTest - Browser launched: chrome | Thread: 1
18:38:52 [main] INFO  nn.dsalgo.tests.DatastructureTest - Starting test: dsPageLanding
18:38:52 [main] INFO  nn.dsalgo.tests.DatastructureTest - Entered the testcase
18:38:52 [main] INFO  nn.dsalgo.pages.LandingPage - Getting the URL of DSALGO
18:38:55 [main] INFO  nn.dsalgo.pages.LandingPage - Clicking the Get Started Button of Landing page
18:38:55 [main] INFO  nn.dsalgo.pages.HomePage - Clicking Sign In button from Home Page
18:38:55 [main] INFO  nn.dsalgo.pages.LoginPage - Performing Login with TestData from Excel
18:38:56 [main] INFO  nn.dsalgo.pages.LoginPage - Entering the Username : Prasanna
18:38:56 [main] INFO  nn.dsalgo.pages.LoginPage - Entering the Password : Welcome@01
18:38:56 [main] INFO  nn.dsalgo.pages.LoginPage - Clicked Login button
18:38:56 [main] INFO  nn.dsalgo.pages.HomePage - successful login
18:38:56 [main] INFO  nn.dsalgo.pages.HomePage - Clicking on the Get Started Button of DataStructure from HomePage
18:38:57 [main] INFO  nn.dsalgo.pagemanager.PageManager - Landed in Data structures page
18:38:57 [main] INFO  nn.dsalgo.pages.DataStructurePage - Getting the title of DataStructure Page
]]></system-out>
    <system-err><![CDATA[SLF4J(W): No SLF4J providers were found.
SLF4J(W): Defaulting to no-operation (NOP) logger implementation
SLF4J(W): See https://www.slf4j.org/codes.html#noProviders for further details.
SLF4J(W): Class path contains SLF4J bindings targeting slf4j-api versions 1.7.x or earlier.
SLF4J(W): Ignoring binding found at [jar:file:/C:/Users/anand/.m2/repository/org/slf4j/slf4j-simple/1.7.36/slf4j-simple-1.7.36.jar!/org/slf4j/impl/StaticLoggerBinder.class]
SLF4J(W): See https://www.slf4j.org/codes.html#ignoredBindings for an explanation.
Aug 27, 2025 6:38:52 PM org.openqa.selenium.devtools.CdpVersionFinder findNearestMatch
WARNING: Unable to find an exact match for CDP version 139, returning the closest version; found: 138; Please update to a Selenium version that supports CDP version 139
]]></system-err>
  </testcase>
  <testcase name="navigateToTopicsInDS[Time Complexity](1)" classname="nn.dsalgo.tests.DatastructureTest" time="4.092">
    <system-out><![CDATA[18:38:57 [main] INFO  nn.dsalgo.tests.DatastructureTest - Browser launched: chrome | Thread: 1
18:38:57 [main] INFO  nn.dsalgo.tests.DatastructureTest - Starting test: navigateToTopicsInDS
18:38:57 [main] INFO  nn.dsalgo.tests.DatastructureTest - Entered the testcase
18:38:57 [main] INFO  nn.dsalgo.pages.LandingPage - Getting the URL of DSALGO
18:39:00 [main] INFO  nn.dsalgo.pages.LandingPage - Clicking the Get Started Button of Landing page
18:39:00 [main] INFO  nn.dsalgo.pages.HomePage - Clicking Sign In button from Home Page
18:39:00 [main] INFO  nn.dsalgo.pages.LoginPage - Performing Login with TestData from Excel
18:39:00 [main] INFO  nn.dsalgo.pages.LoginPage - Entering the Username : Prasanna
18:39:01 [main] INFO  nn.dsalgo.pages.LoginPage - Entering the Password : Welcome@01
18:39:01 [main] INFO  nn.dsalgo.pages.LoginPage - Clicked Login button
18:39:01 [main] INFO  nn.dsalgo.pages.HomePage - successful login
18:39:01 [main] INFO  nn.dsalgo.pages.HomePage - Clicking on the Get Started Button of DataStructure from HomePage
18:39:01 [main] INFO  nn.dsalgo.pagemanager.PageManager - Landed in Data structures page
18:39:01 [main] INFO  nn.dsalgo.pages.DataStructurePage - Clicking on the topic link : Time Complexity
18:39:01 [main] INFO  nn.dsalgo.pages.DataStructurePage - Title of the topic page in DSpage is Time Complexity
]]></system-out>
    <system-err><![CDATA[Aug 27, 2025 6:38:57 PM org.openqa.selenium.devtools.CdpVersionFinder findNearestMatch
WARNING: Unable to find an exact match for CDP version 139, returning the closest version; found: 138; Please update to a Selenium version that supports CDP version 139
]]></system-err>
  </testcase>
  <testcase name="navigateToTryEditorInDS[Time Complexity](1)" classname="nn.dsalgo.tests.DatastructureTest" time="5.493">
    <system-out><![CDATA[18:39:02 [main] INFO  nn.dsalgo.tests.DatastructureTest - Browser launched: chrome | Thread: 1
18:39:02 [main] INFO  nn.dsalgo.tests.DatastructureTest - Starting test: navigateToTryEditorInDS
18:39:02 [main] INFO  nn.dsalgo.tests.DatastructureTest - Entered the testcase
18:39:02 [main] INFO  nn.dsalgo.pages.LandingPage - Getting the URL of DSALGO
18:39:05 [main] INFO  nn.dsalgo.pages.LandingPage - Clicking the Get Started Button of Landing page
18:39:06 [main] INFO  nn.dsalgo.pages.HomePage - Clicking Sign In button from Home Page
18:39:06 [main] INFO  nn.dsalgo.pages.LoginPage - Performing Login with TestData from Excel
18:39:06 [main] INFO  nn.dsalgo.pages.LoginPage - Entering the Username : Prasanna
18:39:06 [main] INFO  nn.dsalgo.pages.LoginPage - Entering the Password : Welcome@01
18:39:07 [main] INFO  nn.dsalgo.pages.LoginPage - Clicked Login button
18:39:07 [main] INFO  nn.dsalgo.pages.HomePage - successful login
18:39:07 [main] INFO  nn.dsalgo.pages.HomePage - Clicking on the Get Started Button of DataStructure from HomePage
18:39:07 [main] INFO  nn.dsalgo.pagemanager.PageManager - Landed in Data structures page
18:39:07 [main] INFO  nn.dsalgo.pages.DataStructurePage - Clicking on the topic link : Time Complexity
18:39:07 [main] INFO  nn.dsalgo.pages.DataStructurePage - Title of the topic page in DSpage is Time Complexity
18:39:07 [main] INFO  nn.dsalgo.pages.DataStructurePage - Clicking on the Try Here Button
]]></system-out>
    <system-err><![CDATA[Aug 27, 2025 6:39:02 PM org.openqa.selenium.devtools.CdpVersionFinder findNearestMatch
WARNING: Unable to find an exact match for CDP version 139, returning the closest version; found: 138; Please update to a Selenium version that supports CDP version 139
]]></system-err>
  </testcase>
</testsuite>