<?xml version="1.0" encoding="UTF-8"?>
<testng-results ignored="0" total="6" passed="6" failed="0" skipped="0">
  <reporter-output>
  </reporter-output>
  <suite started-at="2025-08-29T20:39:40 EDT" name="Default suite" finished-at="2025-08-29T20:40:02 EDT" duration-ms="21417">
    <groups>
    </groups>
    <test started-at="2025-08-29T20:39:40 EDT" name="Default test" finished-at="2025-08-29T20:40:02 EDT" duration-ms="21417">
      <class name="nn.dsalgo.tests.LoginTest">
        <test-method is-config="true" signature="getProperty()[pri:0, instance:nn.dsalgo.tests.LoginTest@180e6ac4]" started-at="2025-08-29T20:39:40 EDT" name="getProperty" finished-at="2025-08-29T20:39:40 EDT" duration-ms="42" status="PASS">
          <reporter-output>
          </reporter-output>
        </test-method> <!-- getProperty -->
        <test-method is-config="true" signature="setBrowser(java.lang.String)[pri:0, instance:nn.dsalgo.tests.LoginTest@180e6ac4]" started-at="2025-08-29T20:39:40 EDT" name="setBrowser" finished-at="2025-08-29T20:39:41 EDT" duration-ms="42" status="PASS">
          <params>
            <param index="0">
              <value>
                <![CDATA[chrome]]>
              </value>
            </param>
          </params>
          <reporter-output>
          </reporter-output>
        </test-method> <!-- setBrowser -->
        <test-method is-config="true" signature="launchBrowser()[pri:0, instance:nn.dsalgo.tests.LoginTest@180e6ac4]" started-at="2025-08-29T20:39:41 EDT" name="launchBrowser" finished-at="2025-08-29T20:39:43 EDT" duration-ms="2081" status="PASS">
          <reporter-output>
          </reporter-output>
        </test-method> <!-- launchBrowser -->
        <test-method is-config="true" signature="logTestStart(java.lang.reflect.Method)[pri:0, instance:nn.dsalgo.tests.LoginTest@180e6ac4]" started-at="2025-08-29T20:39:43 EDT" name="logTestStart" finished-at="2025-08-29T20:39:43 EDT" duration-ms="3" status="PASS">
          <params>
            <param index="0">
              <value>
                <![CDATA[public void nn.dsalgo.tests.LoginTest.loginlandingpage()]]>
              </value>
            </param>
          </params>
          <reporter-output>
          </reporter-output>
        </test-method> <!-- logTestStart -->
        <test-method is-config="true" signature="setuppage()[pri:0, instance:nn.dsalgo.tests.LoginTest@180e6ac4]" started-at="2025-08-29T20:39:43 EDT" name="setuppage" finished-at="2025-08-29T20:39:43 EDT" duration-ms="12" status="PASS">
          <reporter-output>
          </reporter-output>
        </test-method> <!-- setuppage -->
        <test-method signature="loginlandingpage()[pri:0, instance:nn.dsalgo.tests.LoginTest@180e6ac4]" started-at="2025-08-29T20:39:43 EDT" name="loginlandingpage" finished-at="2025-08-29T20:39:44 EDT" duration-ms="1362" status="PASS">
          <reporter-output>
          </reporter-output>
        </test-method> <!-- loginlandingpage -->
        <test-method is-config="true" signature="tearDown()[pri:0, instance:nn.dsalgo.tests.LoginTest@180e6ac4]" started-at="2025-08-29T20:39:44 EDT" name="tearDown" finished-at="2025-08-29T20:39:44 EDT" duration-ms="231" status="PASS">
          <reporter-output>
          </reporter-output>
        </test-method> <!-- tearDown -->
        <test-method is-config="true" signature="launchBrowser()[pri:0, instance:nn.dsalgo.tests.LoginTest@180e6ac4]" started-at="2025-08-29T20:39:44 EDT" name="launchBrowser" finished-at="2025-08-29T20:39:45 EDT" duration-ms="1106" status="PASS">
          <reporter-output>
          </reporter-output>
        </test-method> <!-- launchBrowser -->
        <test-method is-config="true" signature="logTestStart(java.lang.reflect.Method)[pri:0, instance:nn.dsalgo.tests.LoginTest@180e6ac4]" started-at="2025-08-29T20:39:45 EDT" name="logTestStart" finished-at="2025-08-29T20:39:45 EDT" duration-ms="2" status="PASS">
          <params>
            <param index="0">
              <value>
                <![CDATA[public void nn.dsalgo.tests.LoginTest.performlogin(java.lang.String)]]>
              </value>
            </param>
          </params>
          <reporter-output>
          </reporter-output>
        </test-method> <!-- logTestStart -->
        <test-method is-config="true" signature="setuppage()[pri:0, instance:nn.dsalgo.tests.LoginTest@180e6ac4]" started-at="2025-08-29T20:39:45 EDT" name="setuppage" finished-at="2025-08-29T20:39:45 EDT" duration-ms="2" status="PASS">
          <reporter-output>
          </reporter-output>
        </test-method> <!-- setuppage -->
        <test-method signature="performlogin(java.lang.String)[pri:0, instance:nn.dsalgo.tests.LoginTest@180e6ac4]" started-at="2025-08-29T20:39:45 EDT" name="performlogin" data-provider="Loginscenario" finished-at="2025-08-29T20:39:49 EDT" duration-ms="3051" status="PASS">
          <params>
            <param index="0">
              <value>
                <![CDATA[Missing username]]>
              </value>
            </param>
          </params>
          <reporter-output>
          </reporter-output>
        </test-method> <!-- performlogin -->
        <test-method is-config="true" signature="tearDown()[pri:0, instance:nn.dsalgo.tests.LoginTest@180e6ac4]" started-at="2025-08-29T20:39:49 EDT" name="tearDown" finished-at="2025-08-29T20:39:49 EDT" duration-ms="221" status="PASS">
          <reporter-output>
          </reporter-output>
        </test-method> <!-- tearDown -->
        <test-method is-config="true" signature="launchBrowser()[pri:0, instance:nn.dsalgo.tests.LoginTest@180e6ac4]" started-at="2025-08-29T20:39:49 EDT" name="launchBrowser" finished-at="2025-08-29T20:39:50 EDT" duration-ms="1267" status="PASS">
          <reporter-output>
          </reporter-output>
        </test-method> <!-- launchBrowser -->
        <test-method is-config="true" signature="logTestStart(java.lang.reflect.Method)[pri:0, instance:nn.dsalgo.tests.LoginTest@180e6ac4]" started-at="2025-08-29T20:39:50 EDT" name="logTestStart" finished-at="2025-08-29T20:39:50 EDT" duration-ms="2" status="PASS">
          <params>
            <param index="0">
              <value>
                <![CDATA[public void nn.dsalgo.tests.LoginTest.performlogin(java.lang.String)]]>
              </value>
            </param>
          </params>
          <reporter-output>
          </reporter-output>
        </test-method> <!-- logTestStart -->
        <test-method is-config="true" signature="setuppage()[pri:0, instance:nn.dsalgo.tests.LoginTest@180e6ac4]" started-at="2025-08-29T20:39:50 EDT" name="setuppage" finished-at="2025-08-29T20:39:50 EDT" duration-ms="3" status="PASS">
          <reporter-output>
          </reporter-output>
        </test-method> <!-- setuppage -->
        <test-method signature="performlogin(java.lang.String)[pri:0, instance:nn.dsalgo.tests.LoginTest@180e6ac4]" started-at="2025-08-29T20:39:50 EDT" name="performlogin" data-provider="Loginscenario" finished-at="2025-08-29T20:39:52 EDT" duration-ms="1460" status="PASS">
          <params>
            <param index="0">
              <value>
                <![CDATA[Missing password]]>
              </value>
            </param>
          </params>
          <reporter-output>
          </reporter-output>
        </test-method> <!-- performlogin -->
        <test-method is-config="true" signature="tearDown()[pri:0, instance:nn.dsalgo.tests.LoginTest@180e6ac4]" started-at="2025-08-29T20:39:52 EDT" name="tearDown" finished-at="2025-08-29T20:39:52 EDT" duration-ms="235" status="PASS">
          <reporter-output>
          </reporter-output>
        </test-method> <!-- tearDown -->
        <test-method is-config="true" signature="launchBrowser()[pri:0, instance:nn.dsalgo.tests.LoginTest@180e6ac4]" started-at="2025-08-29T20:39:52 EDT" name="launchBrowser" finished-at="2025-08-29T20:39:53 EDT" duration-ms="1188" status="PASS">
          <reporter-output>
          </reporter-output>
        </test-method> <!-- launchBrowser -->
        <test-method is-config="true" signature="logTestStart(java.lang.reflect.Method)[pri:0, instance:nn.dsalgo.tests.LoginTest@180e6ac4]" started-at="2025-08-29T20:39:53 EDT" name="logTestStart" finished-at="2025-08-29T20:39:53 EDT" duration-ms="2" status="PASS">
          <params>
            <param index="0">
              <value>
                <![CDATA[public void nn.dsalgo.tests.LoginTest.performlogin(java.lang.String)]]>
              </value>
            </param>
          </params>
          <reporter-output>
          </reporter-output>
        </test-method> <!-- logTestStart -->
        <test-method is-config="true" signature="setuppage()[pri:0, instance:nn.dsalgo.tests.LoginTest@180e6ac4]" started-at="2025-08-29T20:39:53 EDT" name="setuppage" finished-at="2025-08-29T20:39:53 EDT" duration-ms="2" status="PASS">
          <reporter-output>
          </reporter-output>
        </test-method> <!-- setuppage -->
        <test-method signature="performlogin(java.lang.String)[pri:0, instance:nn.dsalgo.tests.LoginTest@180e6ac4]" started-at="2025-08-29T20:39:53 EDT" name="performlogin" data-provider="Loginscenario" finished-at="2025-08-29T20:39:55 EDT" duration-ms="1972" status="PASS">
          <params>
            <param index="0">
              <value>
                <![CDATA[Invalid username]]>
              </value>
            </param>
          </params>
          <reporter-output>
          </reporter-output>
        </test-method> <!-- performlogin -->
        <test-method is-config="true" signature="tearDown()[pri:0, instance:nn.dsalgo.tests.LoginTest@180e6ac4]" started-at="2025-08-29T20:39:55 EDT" name="tearDown" finished-at="2025-08-29T20:39:55 EDT" duration-ms="173" status="PASS">
          <reporter-output>
          </reporter-output>
        </test-method> <!-- tearDown -->
        <test-method is-config="true" signature="launchBrowser()[pri:0, instance:nn.dsalgo.tests.LoginTest@180e6ac4]" started-at="2025-08-29T20:39:55 EDT" name="launchBrowser" finished-at="2025-08-29T20:39:56 EDT" duration-ms="1245" status="PASS">
          <reporter-output>
          </reporter-output>
        </test-method> <!-- launchBrowser -->
        <test-method is-config="true" signature="logTestStart(java.lang.reflect.Method)[pri:0, instance:nn.dsalgo.tests.LoginTest@180e6ac4]" started-at="2025-08-29T20:39:56 EDT" name="logTestStart" finished-at="2025-08-29T20:39:56 EDT" duration-ms="1" status="PASS">
          <params>
            <param index="0">
              <value>
                <![CDATA[public void nn.dsalgo.tests.LoginTest.performlogin(java.lang.String)]]>
              </value>
            </param>
          </params>
          <reporter-output>
          </reporter-output>
        </test-method> <!-- logTestStart -->
        <test-method is-config="true" signature="setuppage()[pri:0, instance:nn.dsalgo.tests.LoginTest@180e6ac4]" started-at="2025-08-29T20:39:56 EDT" name="setuppage" finished-at="2025-08-29T20:39:56 EDT" duration-ms="2" status="PASS">
          <reporter-output>
          </reporter-output>
        </test-method> <!-- setuppage -->
        <test-method signature="performlogin(java.lang.String)[pri:0, instance:nn.dsalgo.tests.LoginTest@180e6ac4]" started-at="2025-08-29T20:39:56 EDT" name="performlogin" data-provider="Loginscenario" finished-at="2025-08-29T20:39:58 EDT" duration-ms="1589" status="PASS">
          <params>
            <param index="0">
              <value>
                <![CDATA[Invalid password]]>
              </value>
            </param>
          </params>
          <reporter-output>
          </reporter-output>
        </test-method> <!-- performlogin -->
        <test-method is-config="true" signature="tearDown()[pri:0, instance:nn.dsalgo.tests.LoginTest@180e6ac4]" started-at="2025-08-29T20:39:58 EDT" name="tearDown" finished-at="2025-08-29T20:39:58 EDT" duration-ms="244" status="PASS">
          <reporter-output>
          </reporter-output>
        </test-method> <!-- tearDown -->
        <test-method is-config="true" signature="launchBrowser()[pri:0, instance:nn.dsalgo.tests.LoginTest@180e6ac4]" started-at="2025-08-29T20:39:58 EDT" name="launchBrowser" finished-at="2025-08-29T20:39:59 EDT" duration-ms="1198" status="PASS">
          <reporter-output>
          </reporter-output>
        </test-method> <!-- launchBrowser -->
        <test-method is-config="true" signature="logTestStart(java.lang.reflect.Method)[pri:0, instance:nn.dsalgo.tests.LoginTest@180e6ac4]" started-at="2025-08-29T20:39:59 EDT" name="logTestStart" finished-at="2025-08-29T20:39:59 EDT" duration-ms="3" status="PASS">
          <params>
            <param index="0">
              <value>
                <![CDATA[public void nn.dsalgo.tests.LoginTest.successfullogin()]]>
              </value>
            </param>
          </params>
          <reporter-output>
          </reporter-output>
        </test-method> <!-- logTestStart -->
        <test-method is-config="true" signature="setuppage()[pri:0, instance:nn.dsalgo.tests.LoginTest@180e6ac4]" started-at="2025-08-29T20:39:59 EDT" name="setuppage" finished-at="2025-08-29T20:39:59 EDT" duration-ms="3" status="PASS">
          <reporter-output>
          </reporter-output>
        </test-method> <!-- setuppage -->
        <test-method signature="successfullogin()[pri:0, instance:nn.dsalgo.tests.LoginTest@180e6ac4]" started-at="2025-08-29T20:39:59 EDT" name="successfullogin" finished-at="2025-08-29T20:40:02 EDT" duration-ms="2125" status="PASS">
          <reporter-output>
          </reporter-output>
        </test-method> <!-- successfullogin -->
        <test-method is-config="true" signature="tearDown()[pri:0, instance:nn.dsalgo.tests.LoginTest@180e6ac4]" started-at="2025-08-29T20:40:02 EDT" name="tearDown" finished-at="2025-08-29T20:40:02 EDT" duration-ms="194" status="PASS">
          <reporter-output>
          </reporter-output>
        </test-method> <!-- tearDown -->
      </class> <!-- nn.dsalgo.tests.LoginTest -->
    </test> <!-- Default test -->
  </suite> <!-- Default suite -->
</testng-results>
