<?xml version="1.0" encoding="UTF-8"?>
<!-- Generated by org.testng.reporters.JUnitXMLReporter -->
<testsuite ignored="0" hostname="PRASANNA" failures="0" tests="60" name="ChromeTest" time="282.229" errors="0" timestamp="2025-08-30T18:41:57 EDT">
  <testcase classname="nn.dsalgo.tests.LoginTest" name="loginlandingpage" time="1.292"/>
  <testcase classname="nn.dsalgo.tests.LoginTest" name="performlogin" time="2.168"/>
  <testcase classname="nn.dsalgo.tests.LoginTest" name="performlogin" time="1.336"/>
  <testcase classname="nn.dsalgo.tests.LoginTest" name="performlogin" time="1.669"/>
  <testcase classname="nn.dsalgo.tests.LoginTest" name="performlogin" time="1.38"/>
  <testcase classname="nn.dsalgo.tests.LoginTest" name="successfullogin" time="1.928"/>
  <testcase classname="nn.dsalgo.tests.TreeTest" name="getTotalsTopicsCountInTree" time="2.207"/>
  <testcase classname="nn.dsalgo.tests.TreeTest" name="treePageLanding" time="3.02"/>
  <testcase classname="nn.dsalgo.tests.TreeTest" name="navigateToTopicsInTree" time="3.281"/>
  <testcase classname="nn.dsalgo.tests.TreeTest" name="navigateToTopicsInTree" time="2.67"/>
  <testcase classname="nn.dsalgo.tests.TreeTest" name="navigateToTopicsInTree" time="2.776"/>
  <testcase classname="nn.dsalgo.tests.TreeTest" name="navigateToTopicsInTree" time="2.705"/>
  <testcase classname="nn.dsalgo.tests.TreeTest" name="navigateToTopicsInTree" time="2.553"/>
  <testcase classname="nn.dsalgo.tests.TreeTest" name="navigateToTopicsInTree" time="2.663"/>
  <testcase classname="nn.dsalgo.tests.TreeTest" name="navigateToTopicsInTree" time="2.749"/>
  <testcase classname="nn.dsalgo.tests.TreeTest" name="navigateToTopicsInTree" time="3.04"/>
  <testcase classname="nn.dsalgo.tests.TreeTest" name="navigateToTopicsInTree" time="2.773"/>
  <testcase classname="nn.dsalgo.tests.TreeTest" name="navigateToTopicsInTree" time="2.805"/>
  <testcase classname="nn.dsalgo.tests.TreeTest" name="navigateToTopicsInTree" time="2.646"/>
  <testcase classname="nn.dsalgo.tests.TreeTest" name="navigateToTopicsInTree" time="3.32"/>
  <testcase classname="nn.dsalgo.tests.TreeTest" name="navigateToTopicsInTree" time="2.898"/>
  <testcase classname="nn.dsalgo.tests.TreeTest" name="navigateToTryEditorInTree" time="3.54"/>
  <testcase classname="nn.dsalgo.tests.TreeTest" name="navigateToTryEditorInTree" time="3.489"/>
  <testcase classname="nn.dsalgo.tests.TreeTest" name="navigateToTryEditorInTree" time="3.227"/>
  <testcase classname="nn.dsalgo.tests.TreeTest" name="navigateToTryEditorInTree" time="3.131"/>
  <testcase classname="nn.dsalgo.tests.TreeTest" name="navigateToTryEditorInTree" time="3.235"/>
  <testcase classname="nn.dsalgo.tests.TreeTest" name="navigateToTryEditorInTree" time="3.134"/>
  <testcase classname="nn.dsalgo.tests.TreeTest" name="navigateToTryEditorInTree" time="3.43"/>
  <testcase classname="nn.dsalgo.tests.TreeTest" name="navigateToTryEditorInTree" time="3.254"/>
  <testcase classname="nn.dsalgo.tests.TreeTest" name="navigateToTryEditorInTree" time="3.84"/>
  <testcase classname="nn.dsalgo.tests.TreeTest" name="navigateToTryEditorInTree" time="3.155"/>
  <testcase classname="nn.dsalgo.tests.TreeTest" name="navigateToTryEditorInTree" time="3.164"/>
  <testcase classname="nn.dsalgo.tests.TreeTest" name="navigateToTryEditorInTree" time="3.491"/>
  <testcase classname="nn.dsalgo.tests.TreeTest" name="navigateToTryEditorInTree" time="3.102"/>
  <testcase classname="nn.dsalgo.tests.TreeTest" name="generateOutputForInputInTree" time="8.682"/>
  <testcase classname="nn.dsalgo.tests.TreeTest" name="generateOutputForInputInTree" time="4.058"/>
  <testcase classname="nn.dsalgo.tests.TreeTest" name="generateOutputForInputInTree" time="3.529"/>
  <testcase classname="nn.dsalgo.tests.TreeTest" name="generateOutputForInputInTree" time="9.332"/>
  <testcase classname="nn.dsalgo.tests.TreeTest" name="generateOutputForInputInTree" time="8.267"/>
  <testcase classname="nn.dsalgo.tests.TreeTest" name="generateOutputForInputInTree" time="3.664"/>
  <testcase classname="nn.dsalgo.tests.TreeTest" name="generateOutputForInputInTree" time="4.001"/>
  <testcase classname="nn.dsalgo.tests.TreeTest" name="generateOutputForInputInTree" time="8.604"/>
  <testcase classname="nn.dsalgo.tests.TreeTest" name="generateOutputForInputInTree" time="9.034"/>
  <testcase classname="nn.dsalgo.tests.TreeTest" name="generateOutputForInputInTree" time="3.624"/>
  <testcase classname="nn.dsalgo.tests.TreeTest" name="generateOutputForInputInTree" time="3.563"/>
  <testcase classname="nn.dsalgo.tests.TreeTest" name="generateOutputForInputInTree" time="8.671"/>
  <testcase classname="nn.dsalgo.tests.TreeTest" name="generateOutputForInputInTree" time="8.526"/>
  <testcase classname="nn.dsalgo.tests.TreeTest" name="validateBrokenLinkEmptyPageInTree" time="2.576"/>
  <testcase classname="nn.dsalgo.tests.TreeTest" name="validateBrokenLinkEmptyPageInTree" time="2.164"/>
  <testcase classname="nn.dsalgo.tests.TreeTest" name="validateBrokenLinkEmptyPageInTree" time="2.337"/>
  <testcase classname="nn.dsalgo.tests.TreeTest" name="validateBrokenLinkEmptyPageInTree" time="2.253"/>
  <testcase classname="nn.dsalgo.tests.TreeTest" name="validateBrokenLinkEmptyPageInTree" time="2.328"/>
  <testcase classname="nn.dsalgo.tests.TreeTest" name="validateBrokenLinkEmptyPageInTree" time="2.373"/>
  <testcase classname="nn.dsalgo.tests.TreeTest" name="validateBrokenLinkEmptyPageInTree" time="2.319"/>
  <testcase classname="nn.dsalgo.tests.TreeTest" name="validateBrokenLinkEmptyPageInTree" time="2.221"/>
  <testcase classname="nn.dsalgo.tests.TreeTest" name="validateBrokenLinkEmptyPageInTree" time="2.468"/>
  <testcase classname="nn.dsalgo.tests.TreeTest" name="validateBrokenLinkEmptyPageInTree" time="2.206"/>
  <testcase classname="nn.dsalgo.tests.TreeTest" name="validateBrokenLinkEmptyPageInTree" time="2.203"/>
  <testcase classname="nn.dsalgo.tests.TreeTest" name="validateBrokenLinkEmptyPageInTree" time="2.44"/>
  <testcase classname="nn.dsalgo.tests.TreeTest" name="validateBrokenLinkEmptyPageInTree" time="2.133"/>
</testsuite> <!-- ChromeTest -->
